INFO 2023-07-17 18:48:02,256 - Start time: 20230717T184802
INFO 2023-07-17 18:48:02,367 - Trial directory made: /home/tyr/E3SM_code/components/elm/tools/OLMT/Cases/US_LA2_Trans/OptOutput/US_LA2_Trans_20230717T184802/000000
INFO 2023-07-17 18:48:04,154 - Trial directory made: /home/tyr/E3SM_code/components/elm/tools/OLMT/Cases/US_LA2_Trans/OptOutput/US_LA2_Trans_20230717T184802/000001
INFO 2023-07-17 18:48:05,798 - Trial directory made: /home/tyr/E3SM_code/components/elm/tools/OLMT/Cases/US_LA2_Trans/OptOutput/US_LA2_Trans_20230717T184802/000002
INFO 2023-07-17 18:48:07,364 - Trial directory made: /home/tyr/E3SM_code/components/elm/tools/OLMT/Cases/US_LA2_Trans/OptOutput/US_LA2_Trans_20230717T184802/000003
INFO 2023-07-17 18:48:09,040 - Trial directory made: /home/tyr/E3SM_code/components/elm/tools/OLMT/Cases/US_LA2_Trans/OptOutput/US_LA2_Trans_20230717T184802/000004
ERROR 2023-07-17 18:48:17,494 - Boa Wrapper encountered Exception: AttributeError("'ELMWrapper' object has no attribute '_metric_properties'") in _fetch_trial_data
Traceback (most recent call last):
  File "/home/tyr/BOA/boa/metaclasses.py", line 31, in wrapper
    return func(*args, **kwargs)
  File "/home/tyr/BOA/boa/wrappers/wrapper_utils.py", line 128, in wrapper
    return func(*args, **kwargs)
  File "/home/tyr/BOA/boa/wrappers/base_wrapper.py", line 357, in _fetch_trial_data
    trial=trial, metric_properties=self._metric_properties, metric_name=metric_name, *args, **kwargs
AttributeError: 'ELMWrapper' object has no attribute '_metric_properties'
ERROR 2023-07-17 18:48:17,495 - Boa Wrapper encountered Exception: AttributeError("'ELMWrapper' object has no attribute '_metric_properties'") in _fetch_trial_data
Traceback (most recent call last):
  File "/home/tyr/BOA/boa/metaclasses.py", line 31, in wrapper
    return func(*args, **kwargs)
  File "/home/tyr/BOA/boa/wrappers/wrapper_utils.py", line 128, in wrapper
    return func(*args, **kwargs)
  File "/home/tyr/BOA/boa/metaclasses.py", line 31, in wrapper
    return func(*args, **kwargs)
  File "/home/tyr/BOA/boa/wrappers/wrapper_utils.py", line 128, in wrapper
    return func(*args, **kwargs)
  File "/home/tyr/BOA/boa/wrappers/base_wrapper.py", line 357, in _fetch_trial_data
    trial=trial, metric_properties=self._metric_properties, metric_name=metric_name, *args, **kwargs
AttributeError: 'ELMWrapper' object has no attribute '_metric_properties'
