INFO 2023-07-18 09:35:26,188 - Start time: 20230718T093526
INFO 2023-07-18 09:35:26,365 - Trial directory made: /home/tyr/E3SM_code/components/elm/tools/OLMT/Cases/US_LA2_Trans/OptOutput/US_LA2_Trans_20230718T093526/000000
INFO 2023-07-18 09:35:28,023 - Trial directory made: /home/tyr/E3SM_code/components/elm/tools/OLMT/Cases/US_LA2_Trans/OptOutput/US_LA2_Trans_20230718T093526/000001
INFO 2023-07-18 09:35:29,746 - Trial directory made: /home/tyr/E3SM_code/components/elm/tools/OLMT/Cases/US_LA2_Trans/OptOutput/US_LA2_Trans_20230718T093526/000002
INFO 2023-07-18 09:35:31,403 - Trial directory made: /home/tyr/E3SM_code/components/elm/tools/OLMT/Cases/US_LA2_Trans/OptOutput/US_LA2_Trans_20230718T093526/000003
INFO 2023-07-18 09:35:33,124 - Trial directory made: /home/tyr/E3SM_code/components/elm/tools/OLMT/Cases/US_LA2_Trans/OptOutput/US_LA2_Trans_20230718T093526/000004
ERROR 2023-07-18 09:35:34,609 - Boa Wrapper encountered Exception: AttributeError("'ELMWrapper' object has no attribute '_metric_properties'") in _fetch_trial_data
Traceback (most recent call last):
  File "/home/tyr/BOA/boa/metaclasses.py", line 31, in wrapper
    return func(*args, **kwargs)
  File "/home/tyr/BOA/boa/wrappers/wrapper_utils.py", line 128, in wrapper
    return func(*args, **kwargs)
  File "/home/tyr/BOA/boa/wrappers/base_wrapper.py", line 357, in _fetch_trial_data
    trial=trial, metric_properties=self._metric_properties, metric_name=metric_name, *args, **kwargs
AttributeError: 'ELMWrapper' object has no attribute '_metric_properties'
ERROR 2023-07-18 09:35:34,610 - Boa Wrapper encountered Exception: AttributeError("'ELMWrapper' object has no attribute '_metric_properties'") in _fetch_trial_data
Traceback (most recent call last):
  File "/home/tyr/BOA/boa/metaclasses.py", line 31, in wrapper
    return func(*args, **kwargs)
  File "/home/tyr/BOA/boa/wrappers/wrapper_utils.py", line 128, in wrapper
    return func(*args, **kwargs)
  File "/home/tyr/BOA/boa/metaclasses.py", line 31, in wrapper
    return func(*args, **kwargs)
  File "/home/tyr/BOA/boa/wrappers/wrapper_utils.py", line 128, in wrapper
    return func(*args, **kwargs)
  File "/home/tyr/BOA/boa/wrappers/base_wrapper.py", line 357, in _fetch_trial_data
    trial=trial, metric_properties=self._metric_properties, metric_name=metric_name, *args, **kwargs
AttributeError: 'ELMWrapper' object has no attribute '_metric_properties'
