INFO 2023-07-18 10:50:02,578 - Start time: 20230718T105002
INFO 2023-07-18 10:50:02,618 - Trial directory made: /home/tyr/E3SM_code/components/elm/tools/OLMT/Cases/US_LA2_Trans/OptOutput/US_LA2_Trans_20230718T105002/000000
INFO 2023-07-18 10:50:04,557 - Trial directory made: /home/tyr/E3SM_code/components/elm/tools/OLMT/Cases/US_LA2_Trans/OptOutput/US_LA2_Trans_20230718T105002/000001
INFO 2023-07-18 10:50:06,364 - Trial directory made: /home/tyr/E3SM_code/components/elm/tools/OLMT/Cases/US_LA2_Trans/OptOutput/US_LA2_Trans_20230718T105002/000002
INFO 2023-07-18 10:50:08,124 - Trial directory made: /home/tyr/E3SM_code/components/elm/tools/OLMT/Cases/US_LA2_Trans/OptOutput/US_LA2_Trans_20230718T105002/000003
INFO 2023-07-18 10:50:09,945 - Trial directory made: /home/tyr/E3SM_code/components/elm/tools/OLMT/Cases/US_LA2_Trans/OptOutput/US_LA2_Trans_20230718T105002/000004
ERROR 2023-07-18 10:50:11,626 - Boa Wrapper encountered Exception: AttributeError("'ELMWrapper' object has no attribute '_metric_properties'") in _fetch_trial_data
Traceback (most recent call last):
  File "/home/tyr/BOA/boa/metaclasses.py", line 31, in wrapper
    return func(*args, **kwargs)
  File "/home/tyr/BOA/boa/wrappers/wrapper_utils.py", line 128, in wrapper
    return func(*args, **kwargs)
  File "/home/tyr/BOA/boa/wrappers/base_wrapper.py", line 357, in _fetch_trial_data
    trial=trial, metric_properties=self._metric_properties, metric_name=metric_name, *args, **kwargs
AttributeError: 'ELMWrapper' object has no attribute '_metric_properties'
ERROR 2023-07-18 10:50:11,628 - Boa Wrapper encountered Exception: AttributeError("'ELMWrapper' object has no attribute '_metric_properties'") in _fetch_trial_data
Traceback (most recent call last):
  File "/home/tyr/BOA/boa/metaclasses.py", line 31, in wrapper
    return func(*args, **kwargs)
  File "/home/tyr/BOA/boa/wrappers/wrapper_utils.py", line 128, in wrapper
    return func(*args, **kwargs)
  File "/home/tyr/BOA/boa/metaclasses.py", line 31, in wrapper
    return func(*args, **kwargs)
  File "/home/tyr/BOA/boa/wrappers/wrapper_utils.py", line 128, in wrapper
    return func(*args, **kwargs)
  File "/home/tyr/BOA/boa/wrappers/base_wrapper.py", line 357, in _fetch_trial_data
    trial=trial, metric_properties=self._metric_properties, metric_name=metric_name, *args, **kwargs
AttributeError: 'ELMWrapper' object has no attribute '_metric_properties'
